<?xml version="1.0" encoding="UTF-8"?>
<!-- Generated by org.testng.reporters.JUnitReportReporter -->
<testsuite hostname="veda-home" failures="0" tests="1" name="ParentClass" time="0.006" errors="0" timestamp="2024-09-22T20:49:13 IST" skipped="0">
  <testcase classname="ParentClass" name="parentMethod" time="0.006"/>
  <system-out/>
</testsuite> <!-- ParentClass -->
