<?xml version="1.0" encoding="UTF-8"?>
<!-- Generated by org.testng.reporters.JUnitReportReporter -->
<testsuite hostname="veda-home" failures="0" tests="3" name="ChildClass" time="0.011" errors="0" timestamp="2024-09-23T09:35:36 IST" skipped="0">
  <testcase classname="ChildClass" name="parentMethod" time="0.000"/>
  <system-out/>
  <testcase classname="ChildClass" name="getConstuctorClass" time="0.010"/>
  <system-out/>
  <testcase classname="ChildClass" name="getParentClassMethod" time="0.001"/>
  <system-out/>
</testsuite> <!-- ChildClass -->
