<?xml version="1.0" encoding="UTF-8"?>
<!-- Generated by org.testng.reporters.JUnitReportReporter -->
<testsuite hostname="veda-home" failures="0" tests="1" name="test.PersonalLoan2" time="0.001" errors="0" timestamp="2024-09-20T18:42:29 IST" skipped="0">
  <testcase classname="test.PersonalLoan2" name="SecondPersonal" time="0.001"/>
  <system-out/>
</testsuite> <!-- test.PersonalLoan2 -->
