<?xml version="1.0" encoding="UTF-8"?>
<!-- Generated by org.testng.reporters.JUnitReportReporter -->
<testsuite hostname="veda-home" failures="0" tests="2" name="test.day1" time="0.007" errors="0" timestamp="2024-09-17T13:24:19 IST" skipped="0">
  <testcase classname="test.day1" name="Demo" time="0.007"/>
  <system-out/>
  <testcase classname="test.day1" name="Second" time="0.000"/>
  <system-out/>
</testsuite> <!-- test.day1 -->
