<?xml version="1.0" encoding="UTF-8"?>
<!-- Generated by org.testng.reporters.JUnitReportReporter -->
<testsuite hostname="veda-home" failures="0" tests="2" name="test.HomeLoan2" time="0.000" errors="0" timestamp="2024-09-20T18:42:29 IST" skipped="0">
  <testcase classname="test.HomeLoan2" name="MobileWebHomeLogin" time="0.000"/>
  <system-out/>
  <testcase classname="test.HomeLoan2" name="SecondHome" time="0.000"/>
  <system-out/>
</testsuite> <!-- test.HomeLoan2 -->
