<?xml version="1.0" encoding="UTF-8"?>
<!-- Generated by org.testng.reporters.JUnitReportReporter -->
<testsuite hostname="veda-home" failures="0" tests="5" name="test.HomeLoan" time="0.001" errors="0" timestamp="2024-09-20T18:42:29 IST" skipped="1">
  <testcase classname="test.HomeLoan" name="MobileSigninHL" time="0.000"/>
  <system-out/>
  <testcase classname="test.HomeLoan" name="LoginAPIHL" time="0.000"/>
  <system-out/>
  <testcase classname="test.HomeLoan" name="MobileLogOutHL" time="0.000"/>
  <system-out/>
  <testcase classname="test.HomeLoan" name="WebLoginHL" time="0.001"/>
  <system-out/>
  <testcase classname="test.HomeLoan" name="Desktop">
    <skipped/>
  </testcase> <!-- Desktop -->
  <system-out/>
</testsuite> <!-- test.HomeLoan -->
