<?xml version="1.0" encoding="UTF-8"?>
<!-- Generated by org.testng.reporters.JUnitReportReporter -->
<testsuite hostname="veda-home" failures="0" tests="3" name="test.PersonalLoan" time="0.001" errors="0" timestamp="2024-09-20T18:42:29 IST" skipped="0">
  <testcase classname="test.PersonalLoan" name="WebLoginPL" time="0.001"/>
  <system-out/>
  <testcase classname="test.PersonalLoan" name="LoginAPIPL" time="0.000"/>
  <system-out/>
  <testcase classname="test.PersonalLoan" name="MobileLoginPL" time="0.000"/>
  <system-out/>
</testsuite> <!-- test.PersonalLoan -->
