<?xml version="1.0" encoding="UTF-8"?>
<!-- Generated by org.testng.reporters.JUnitReportReporter -->
<testsuite hostname="veda-home" failures="0" tests="4" name="test.CarLoan" time="0.003" errors="0" timestamp="2024-09-20T18:42:29 IST" skipped="0">
  <testcase classname="test.CarLoan" name="MobileLogOutCL" time="0.000"/>
  <system-out/>
  <testcase classname="test.CarLoan" name="MobileLoginCL" time="0.001"/>
  <system-out/>
  <testcase classname="test.CarLoan" name="LoginAPICL" time="0.001"/>
  <system-out/>
  <testcase classname="test.CarLoan" name="WebLoginCL" time="0.001"/>
  <system-out/>
</testsuite> <!-- test.CarLoan -->
