<?xml version="1.0" encoding="UTF-8"?>
<!-- Generated by org.testng.reporters.JUnitReportReporter -->
<testsuite hostname="veda-home" failures="0" tests="6" name="test.CarLoan2" time="0.005" errors="0" timestamp="2024-09-20T18:42:29 IST" skipped="0">
  <testcase classname="test.CarLoan2" name="SecondCar" time="0.002"/>
  <system-out/>
  <testcase classname="test.CarLoan2" name="UsernameCar" time="0.000"/>
  <system-out/>
  <testcase classname="test.CarLoan2" name="SecondCar" time="0.001"/>
  <system-out/>
  <testcase classname="test.CarLoan2" name="MobileWebCarLogin" time="0.001"/>
  <system-out/>
  <testcase classname="test.CarLoan2" name="UsernameCar" time="0.001"/>
  <system-out/>
  <testcase classname="test.CarLoan2" name="SecondCar" time="0.000"/>
  <system-out/>
</testsuite> <!-- test.CarLoan2 -->
