<?xml version="1.0" encoding="UTF-8"?>
<!-- Generated by org.testng.reporters.JUnitReportReporter -->
<testsuite hostname="veda-home" failures="0" tests="2" name="test.Before" time="0.007" errors="0" timestamp="2024-09-20T18:42:29 IST" skipped="0">
  <testcase classname="test.Before" name="SecondTest" time="0.001"/>
  <system-out/>
  <testcase classname="test.Before" name="FirstTest" time="0.006"/>
  <system-out/>
</testsuite> <!-- test.Before -->
